Copyright 1986-2015 Xilinx, Inc. All Rights Reserved.
---------------------------------------------------------------------------------------------
| Tool Version      : Vivado v.2015.4 (win64) Build 1412921 Wed Nov 18 09:43:45 MST 2015
| Date              : Sun May 01 15:47:30 2016
| Host              : LAPTOP-50QHPPJG running 64-bit major release  (build 9200)
| Command           : report_clock_utilization -file Nexys4fpga_clock_utilization_routed.rpt
| Design            : Nexys4fpga
| Device            : 7a100t-csg324
| Speed File        : -1  PRODUCTION 1.14 2014-09-11
| Temperature Grade : C
---------------------------------------------------------------------------------------------

Clock Utilization Report

Table of Contents
-----------------
1. Clock Primitive Utilization
2. Details of Global Clocks
3. Details of Regional Clocks
4. Details of Multi-Regional Clocks
5. Details of I/O Clocks
6. Details of Local Clocks
7. Clock Regions : Key Resource Utilization
8. Net wise resources used in clock region X0Y1
9. Net wise resources used in clock region X1Y1
10. Net wise resources used in clock region X1Y2

1. Clock Primitive Utilization
------------------------------

+-------+------+-----------+-----------+
| Type  | Used | Available | Num Fixed |
+-------+------+-----------+-----------+
| BUFG  |    4 |        32 |         0 |
| BUFH  |    0 |        96 |         0 |
| BUFIO |    0 |        24 |         0 |
| MMCM  |    1 |         6 |         0 |
| PLL   |    0 |         6 |         0 |
| BUFR  |    0 |        24 |         0 |
| BUFMR |    0 |        12 |         0 |
+-------+------+-----------+-----------+


2. Details of Global Clocks
---------------------------

+-------+-----------------------------------------------------------------------------+----------------------------------------------------------+--------------+-------+
|       |                                                                             |                                                          |   Num Loads  |       |
+-------+-----------------------------------------------------------------------------+----------------------------------------------------------+------+-------+-------+
| Index | BUFG Cell                                                                   | Net Name                                                 | BELs | Sites | Fixed |
+-------+-----------------------------------------------------------------------------+----------------------------------------------------------+------+-------+-------+
|     1 | clock_Wizard/clkf_buf                                                       | clock_Wizard/clkfbout_buf_clk_wiz_0                      |    1 |     1 |    no |
|     2 | clock_Wizard/clkout3_buf                                                    | clock_Wizard/clk_out3                                    |   26 |     9 |    no |
|     3 | PRJ_Demo/instantiate_loader.jtag_loader_6_inst/jtag_loader_gen.upload_clock | PRJ_Demo/instantiate_loader.jtag_loader_6_inst/shift_clk |   32 |    11 |    no |
|     4 | clock_Wizard/clkout1_buf                                                    | clock_Wizard/clk_out1                                    |  717 |   207 |    no |
+-------+-----------------------------------------------------------------------------+----------------------------------------------------------+------+-------+-------+


+-------+----------------------------+---------------------------------+--------------+-------+
|       |                            |                                 |   Num Loads  |       |
+-------+----------------------------+---------------------------------+------+-------+-------+
| Index | MMCM Cell                  | Net Name                        | BELs | Sites | Fixed |
+-------+----------------------------+---------------------------------+------+-------+-------+
|     1 | clock_Wizard/mmcm_adv_inst | clock_Wizard/clk_out1_clk_wiz_0 |    1 |     1 |    no |
|     2 | clock_Wizard/mmcm_adv_inst | clock_Wizard/clk_out3_clk_wiz_0 |    1 |     1 |    no |
|     3 | clock_Wizard/mmcm_adv_inst | clock_Wizard/clkfbout_clk_wiz_0 |    1 |     1 |    no |
+-------+----------------------------+---------------------------------+------+-------+-------+


3. Details of Regional Clocks
-----------------------------

4. Details of Multi-Regional Clocks
-----------------------------------

5. Details of I/O Clocks
------------------------

6. Details of Local Clocks
--------------------------

+-------+---------------------------------------------------------------------------------------------------+------------------------------------------------------+--------------+-------+
|       |                                                                                                   |                                                      |   Num Loads  |       |
+-------+---------------------------------------------------------------------------------------------------+------------------------------------------------------+------+-------+-------+
| Index | Local Clk Src                                                                                     | Net Name                                             | BELs | Sites | Fixed |
+-------+---------------------------------------------------------------------------------------------------+------------------------------------------------------+------+-------+-------+
|     1 | clk_IBUF_inst                                                                                     | JA_OBUF[7]                                           |    2 |     2 |   yes |
|     2 | PRJ_Demo/instantiate_loader.jtag_loader_6_inst/jtag_loader_gen.BSCAN_7SERIES_gen.BSCAN_BLOCK_inst | PRJ_Demo/instantiate_loader.jtag_loader_6_inst/clk_b |    5 |     2 |    no |
+-------+---------------------------------------------------------------------------------------------------+------------------------------------------------------+------+-------+-------+


7. Clock Regions : Key Resource Utilization
-------------------------------------------

+-------------------+--------------+--------------+--------------+--------------+--------------+--------------+--------------+--------------+--------------+--------------+--------------+--------------+--------------+--------------+--------------+
|                   | Global Clock |     BUFRs    |    BUFMRs    |    BUFIOs    |     MMCM     |      PLL     |      GT      |      PCI     |    ILOGIC    |    OLOGIC    |      FF      |     LUTM     |    RAMB18    |    RAMB36    |    DSP48E1   |
+-------------------+------+-------+------+-------+------+-------+------+-------+------+-------+------+-------+------+-------+------+-------+------+-------+------+-------+------+-------+------+-------+------+-------+------+-------+------+-------+
| Clock Region Name | Used | Avail | Used | Avail | Used | Avail | Used | Avail | Used | Avail | Used | Avail | Used | Avail | Used | Avail | Used | Avail | Used | Avail | Used | Avail | Used | Avail | Used | Avail | Used | Avail | Used | Avail |
+-------------------+------+-------+------+-------+------+-------+------+-------+------+-------+------+-------+------+-------+------+-------+------+-------+------+-------+------+-------+------+-------+------+-------+------+-------+------+-------+
| X0Y0              |    0 |    12 |    0 |     4 |    0 |     2 |    0 |     4 |    0 |     1 |    0 |     1 |    0 |     0 |    0 |     0 |    0 |    50 |    0 |    50 |    0 | 20800 |    0 |  2400 |    0 |    20 |    0 |    10 |    0 |    20 |
| X1Y0              |    0 |    12 |    0 |     0 |    0 |     0 |    0 |     0 |    0 |     0 |    0 |     0 |    0 |     5 |    0 |     0 |    0 |     0 |    0 |     0 |    0 | 12000 |    0 |  2200 |    0 |    40 |    0 |    20 |    0 |    40 |
| X0Y1              |    3 |    12 |    0 |     4 |    0 |     2 |    0 |     4 |    0 |     1 |    0 |     1 |    0 |     0 |    0 |     0 |    0 |    50 |    0 |    50 |  650 | 16000 |   48 |  2400 |    0 |    20 |    2 |    10 |    0 |    20 |
| X1Y1              |    1 |    12 |    0 |     4 |    0 |     2 |    0 |     4 |    0 |     1 |    0 |     1 |    0 |     0 |    0 |     0 |    0 |    50 |    0 |    50 |   46 | 15200 |   32 |  2600 |    1 |    60 |    0 |    30 |    0 |    40 |
| X0Y2              |    0 |    12 |    0 |     4 |    0 |     2 |    0 |     4 |    0 |     1 |    0 |     1 |    0 |     0 |    0 |     0 |    0 |    50 |    0 |    50 |    0 | 16000 |    0 |  2400 |    0 |    20 |    0 |    10 |    0 |    20 |
| X1Y2              |    1 |    12 |    0 |     4 |    0 |     2 |    0 |     4 |    1 |     1 |    0 |     1 |    0 |     0 |    0 |     0 |    0 |    50 |    0 |    50 |    0 | 15200 |    0 |  2600 |    0 |    60 |    0 |    30 |    0 |    40 |
| X0Y3              |    0 |    12 |    0 |     4 |    0 |     2 |    0 |     4 |    0 |     1 |    0 |     1 |    0 |     0 |    0 |     0 |    0 |    50 |    0 |    50 |    0 | 20800 |    0 |  2400 |    0 |    20 |    0 |    10 |    0 |    20 |
| X1Y3              |    0 |    12 |    0 |     0 |    0 |     0 |    0 |     0 |    0 |     0 |    0 |     0 |    0 |     5 |    0 |     1 |    0 |     0 |    0 |     0 |    0 | 10800 |    0 |  2000 |    0 |    30 |    0 |    15 |    0 |    40 |
+-------------------+------+-------+------+-------+------+-------+------+-------+------+-------+------+-------+------+-------+------+-------+------+-------+------+-------+------+-------+------+-------+------+-------+------+-------+------+-------+
* RAMB36 site can be used as two RAMB18/FIFO18 sites.


8. Net wise resources used in clock region X0Y1
-----------------------------------------------

+-------------+--------------+-------+-----------+----------+---------+-----------+---------+---------+-----+-------+----------+----------------------------------------------------------+
| Source Type | BUFHCE Site  | Fixed | MMCM Pins | PLL Pins | GT Pins | BRAM Pins | ILOGICs | OLOGICs | FFs | LUTMs | DSP48E1s |                      Clock Net Name                      |
+-------------+--------------+-------+-----------+----------+---------+-----------+---------+---------+-----+-------+----------+----------------------------------------------------------+
| BUFG        | BUFHCE_X0Y22 |   no  |         0 |        0 |       0 |         0 |       0 |       0 |  26 |     0 |        0 | clock_Wizard/clk_out3                                    |
| BUFG        | BUFHCE_X0Y20 |   no  |         0 |        0 |       0 |         0 |       0 |       0 |  32 |     0 |        0 | PRJ_Demo/instantiate_loader.jtag_loader_6_inst/shift_clk |
| BUFG        | BUFHCE_X0Y21 |   no  |         0 |        0 |       0 |         3 |       0 |       0 | 588 |    48 |        0 | clock_Wizard/clk_out1                                    |
+-------------+--------------+-------+-----------+----------+---------+-----------+---------+---------+-----+-------+----------+----------------------------------------------------------+


9. Net wise resources used in clock region X1Y1
-----------------------------------------------

+-------------+--------------+-------+-----------+----------+---------+-----------+---------+---------+-----+-------+----------+-----------------------+
| Source Type | BUFHCE Site  | Fixed | MMCM Pins | PLL Pins | GT Pins | BRAM Pins | ILOGICs | OLOGICs | FFs | LUTMs | DSP48E1s |     Clock Net Name    |
+-------------+--------------+-------+-----------+----------+---------+-----------+---------+---------+-----+-------+----------+-----------------------+
| BUFG        | BUFHCE_X1Y20 |   no  |         0 |        0 |       0 |         1 |       0 |       0 |  46 |    32 |        0 | clock_Wizard/clk_out1 |
+-------------+--------------+-------+-----------+----------+---------+-----------+---------+---------+-----+-------+----------+-----------------------+


10. Net wise resources used in clock region X1Y2
------------------------------------------------

+-------------+--------------+-------+-----------+----------+---------+-----------+---------+---------+-----+-------+----------+-------------------------------------+
| Source Type | BUFHCE Site  | Fixed | MMCM Pins | PLL Pins | GT Pins | BRAM Pins | ILOGICs | OLOGICs | FFs | LUTMs | DSP48E1s |            Clock Net Name           |
+-------------+--------------+-------+-----------+----------+---------+-----------+---------+---------+-----+-------+----------+-------------------------------------+
| BUFG        | BUFHCE_X1Y24 |   no  |         1 |        0 |       0 |         0 |       0 |       0 |   0 |     0 |        0 | clock_Wizard/clkfbout_buf_clk_wiz_0 |
+-------------+--------------+-------+-----------+----------+---------+-----------+---------+---------+-----+-------+----------+-------------------------------------+



# Location of BUFG Primitives 
set_property LOC BUFGCTRL_X0Y0 [get_cells PRJ_Demo/instantiate_loader.jtag_loader_6_inst/jtag_loader_gen.upload_clock]
set_property LOC BUFGCTRL_X0Y16 [get_cells clock_Wizard/clkout1_buf]
set_property LOC BUFGCTRL_X0Y17 [get_cells clock_Wizard/clkout3_buf]
set_property LOC BUFGCTRL_X0Y18 [get_cells clock_Wizard/clkf_buf]

# Location of IO Clock Primitives

# Location of MMCM Clock Primitives
set_property LOC MMCME2_ADV_X1Y2 [get_cells clock_Wizard/mmcm_adv_inst]

# Location of BUFH Clock Primitives

# Location of BUFR Clock Primitives

# Location of BUFMR Clock Primitives

# Location of PLL Clock Primitives

# Location of IO Primitives which is load of clock spine
set_property LOC IOB_X0Y106 [get_cells JA_OBUF[7]_inst]

# Location of clock ports
set_property LOC IOB_X1Y126 [get_ports clk]

# Clock net "PRJ_Demo/instantiate_loader.jtag_loader_6_inst/clk_b" driven by instance "PRJ_Demo/instantiate_loader.jtag_loader_6_inst/jtag_loader_gen.BSCAN_7SERIES_gen.BSCAN_BLOCK_inst" located at site "BSCAN_X0Y1"
#startgroup
create_pblock {CLKAG_PRJ_Demo/instantiate_loader.jtag_loader_6_inst/clk_b}
add_cells_to_pblock [get_pblocks  {CLKAG_PRJ_Demo/instantiate_loader.jtag_loader_6_inst/clk_b}] [get_cells -filter { PRIMITIVE_GROUP != I/O && IS_PRIMITIVE==1 && PRIMITIVE_LEVEL !=INTERNAL } -of_object [get_pins -filter {DIRECTION==IN} -of_objects [get_nets -hierarchical -filter {PARENT=="PRJ_Demo/instantiate_loader.jtag_loader_6_inst/clk_b"}]]]
resize_pblock [get_pblocks {CLKAG_PRJ_Demo/instantiate_loader.jtag_loader_6_inst/clk_b}] -add {CLOCKREGION_X0Y1:CLOCKREGION_X0Y1}
#endgroup

# Clock net "PRJ_Demo/instantiate_loader.jtag_loader_6_inst/shift_clk" driven by instance "PRJ_Demo/instantiate_loader.jtag_loader_6_inst/jtag_loader_gen.upload_clock" located at site "BUFGCTRL_X0Y0"
#startgroup
create_pblock {CLKAG_PRJ_Demo/instantiate_loader.jtag_loader_6_inst/shift_clk}
add_cells_to_pblock [get_pblocks  {CLKAG_PRJ_Demo/instantiate_loader.jtag_loader_6_inst/shift_clk}] [get_cells -filter { PRIMITIVE_GROUP != I/O && IS_PRIMITIVE==1 && PRIMITIVE_LEVEL !=INTERNAL } -of_object [get_pins -filter {DIRECTION==IN} -of_objects [get_nets -hierarchical -filter {PARENT=="PRJ_Demo/instantiate_loader.jtag_loader_6_inst/shift_clk"}]]]
resize_pblock [get_pblocks {CLKAG_PRJ_Demo/instantiate_loader.jtag_loader_6_inst/shift_clk}] -add {CLOCKREGION_X0Y1:CLOCKREGION_X0Y1}
#endgroup

# Clock net "clock_Wizard/clk_out1" driven by instance "clock_Wizard/clkout1_buf" located at site "BUFGCTRL_X0Y16"
#startgroup
create_pblock {CLKAG_clock_Wizard/clk_out1}
add_cells_to_pblock [get_pblocks  {CLKAG_clock_Wizard/clk_out1}] [get_cells -filter { PRIMITIVE_GROUP != I/O && IS_PRIMITIVE==1 && PRIMITIVE_LEVEL !=INTERNAL } -of_object [get_pins -filter {DIRECTION==IN} -of_objects [get_nets -hierarchical -filter {PARENT=="clock_Wizard/clk_out1"}]]]
resize_pblock [get_pblocks {CLKAG_clock_Wizard/clk_out1}] -add {CLOCKREGION_X0Y1:CLOCKREGION_X0Y1 CLOCKREGION_X1Y1:CLOCKREGION_X1Y1}
#endgroup

# Clock net "clock_Wizard/clk_out3" driven by instance "clock_Wizard/clkout3_buf" located at site "BUFGCTRL_X0Y17"
#startgroup
create_pblock {CLKAG_clock_Wizard/clk_out3}
add_cells_to_pblock [get_pblocks  {CLKAG_clock_Wizard/clk_out3}] [get_cells -filter { PRIMITIVE_GROUP != I/O && IS_PRIMITIVE==1 && PRIMITIVE_LEVEL !=INTERNAL } -of_object [get_pins -filter {DIRECTION==IN} -of_objects [get_nets -hierarchical -filter {PARENT=="clock_Wizard/clk_out3"}]]]
resize_pblock [get_pblocks {CLKAG_clock_Wizard/clk_out3}] -add {CLOCKREGION_X0Y1:CLOCKREGION_X0Y1}
#endgroup
